2026-06-01 10:32:23,657 [INFO] operator: Operator Station starting
2026-06-01 10:32:23,658 [INFO] mqtt.mqtt_client: Connecting to broker.emqx.io:1883...
2026-06-01 10:32:24,846 [INFO] mqtt.mqtt_client: Connected to MQTT broker broker.emqx.io:1883
2026-06-01 10:32:48,658 [INFO] operator: Received signal 2, shutting down...
2026-06-01 10:32:49,314 [INFO] mqtt.mqtt_client: Disconnected from MQTT broker
2026-06-01 10:32:49,314 [INFO] mqtt.mqtt_client: Disconnected from MQTT broker
2026-06-01 10:32:58,699 [INFO] operator: Operator Station starting
2026-06-01 10:32:58,699 [INFO] mqtt.mqtt_client: Connecting to broker.emqx.io:1883...
2026-06-01 10:32:59,524 [INFO] mqtt.mqtt_client: Connected to MQTT broker broker.emqx.io:1883
2026-06-01 10:33:25,752 [INFO] operator: Received signal 2, shutting down...
2026-06-01 10:33:26,172 [INFO] mqtt.mqtt_client: Disconnected from MQTT broker
2026-06-01 10:33:26,173 [INFO] mqtt.mqtt_client: Disconnected from MQTT broker
2026-06-01 10:33:48,424 [INFO] operator: Operator Station starting
2026-06-01 10:33:48,425 [INFO] mqtt.mqtt_client: Connecting to broker.emqx.io:1883...
2026-06-01 10:33:49,158 [INFO] mqtt.mqtt_client: Connected to MQTT broker broker.emqx.io:1883
2026-06-01 10:33:50,593 [INFO] plc: ============================================================
2026-06-01 10:33:50,594 [INFO] plc: PLC Simulator starting
2026-06-01 10:33:50,597 [INFO] plc: Broker: broker.emqx.io:1883
2026-06-01 10:33:50,598 [INFO] plc: ============================================================
2026-06-01 10:33:50,600 [INFO] patterns.factory: SensorFactory created TemperatureSensor for type='temperature'
2026-06-01 10:33:50,601 [INFO] patterns.factory: SensorFactory created WaterLevelSensor for type='water_level'
2026-06-01 10:33:50,601 [INFO] patterns.factory: SensorFactory created EnergyMeter for type='energy'
2026-06-01 10:33:50,615 [INFO] devices.pump: Pump initialized in state: STOPPED
2026-06-01 10:33:50,616 [INFO] mqtt.mqtt_client: Connecting to broker.emqx.io:1883...
2026-06-01 10:33:50,987 [INFO] mqtt.mqtt_client: Connected to MQTT broker broker.emqx.io:1883
2026-06-01 10:33:51,019 [INFO] plc: Starting PLC controller...
2026-06-01 10:33:51,020 [INFO] plc: Telemetry loop started
2026-06-01 10:33:51,021 [INFO] plc: PLC controller is running
2026-06-01 10:34:06,580 [INFO] plc: Received START command from operator
2026-06-01 10:34:06,581 [INFO] devices.pump: Pump state transition: STOPPED -> RUNNING
2026-06-01 10:34:06,582 [INFO] plc: Pump state changed: STOPPED -> RUNNING
2026-06-01 10:34:06,583 [INFO] devices.states: Pump started from StoppedState
2026-06-01 10:34:21,307 [INFO] plc: Received STOP command from operator
2026-06-01 10:34:21,308 [INFO] devices.pump: Pump state transition: RUNNING -> STOPPED
2026-06-01 10:34:21,309 [INFO] plc: Pump state changed: RUNNING -> STOPPED
2026-06-01 10:34:21,310 [INFO] devices.states: Pump stopped from RunningState
2026-06-01 10:34:30,011 [INFO] plc: Received SET_LEVEL command: 45.0
2026-06-01 10:34:30,012 [INFO] devices.sensors: Water level set to 45.0%
2026-06-01 10:34:30,013 [INFO] devices.pump: Water level externally set to 45.0
2026-06-01 10:34:37,869 [INFO] plc: Received START command from operator
2026-06-01 10:34:37,870 [INFO] devices.pump: Pump state transition: STOPPED -> RUNNING
2026-06-01 10:34:37,871 [INFO] plc: Pump state changed: STOPPED -> RUNNING
2026-06-01 10:34:37,874 [INFO] devices.states: Pump started from StoppedState
2026-06-01 10:35:31,154 [CRITICAL] devices.states: Overheat detected: 81.0°C
2026-06-01 10:35:31,155 [INFO] devices.pump: Pump state transition: RUNNING -> ALARM
2026-06-01 10:35:31,160 [INFO] plc: Pump state changed: RUNNING -> ALARM
2026-06-01 10:35:31,161 [CRITICAL] devices.pump: ALARM published: {'code': 'OVERHEAT', 'temperature': 81.0}
2026-06-01 10:35:31,163 [CRITICAL] plc: Alarm published: {
  "code": "OVERHEAT",
  "temperature": 81.0
}
2026-06-01 10:35:55,104 [INFO] plc: Received START command from operator
2026-06-01 10:35:55,105 [ERROR] devices.states: Cannot start pump: alarm state is active (overheat)
2026-06-01 10:45:02,179 [INFO] plc: Received SET_LEVEL command: 100.0
2026-06-01 10:45:02,180 [INFO] devices.sensors: Water level set to 100.0%
2026-06-01 10:45:02,184 [INFO] devices.pump: Water level externally set to 100.0
2026-06-01 10:47:09,630 [WARNING] mqtt.mqtt_client: Unexpected MQTT disconnection (rc=7)
2026-06-01 10:47:15,867 [WARNING] mqtt.mqtt_client: Unexpected MQTT disconnection (rc=7)
2026-06-01 10:49:16,983 [INFO] mqtt.mqtt_client: Connected to MQTT broker broker.emqx.io:1883
2026-06-01 10:49:23,396 [INFO] mqtt.mqtt_client: Connected to MQTT broker broker.emqx.io:1883
INFO:operator:Operator starting
INFO:mqtt.mqtt_client:Connecting to broker.emqx.io:1883...
INFO:mqtt.mqtt_client:Connected to MQTT broker broker.emqx.io:1883
INFO:mqtt.mqtt_client:Disconnected from MQTT broker
INFO:operator:Operator starting
INFO:mqtt.mqtt_client:Connecting to broker.emqx.io:1883...
INFO:mqtt.mqtt_client:Connected to MQTT broker broker.emqx.io:1883
2026-06-02 17:13:36,960 [INFO] plc: ============================================================
2026-06-02 17:13:36,960 [INFO] plc: PLC Simulator starting
2026-06-02 17:13:36,961 [INFO] plc: Broker: broker.emqx.io:1883
2026-06-02 17:13:36,961 [INFO] plc: ============================================================
2026-06-02 17:13:36,961 [INFO] patterns.factory: Created TemperatureSensor for TEMPERATURE
2026-06-02 17:13:36,961 [INFO] patterns.factory: Created WaterLevelSensor for WATER_LEVEL
2026-06-02 17:13:36,961 [INFO] patterns.factory: Created EnergyMeter for ENERGY
2026-06-02 17:13:36,964 [INFO] devices.pump: Pump initialized: STOPPED
2026-06-02 17:13:36,965 [INFO] mqtt.mqtt_client: Connecting to broker.emqx.io:1883...
2026-06-02 17:13:37,605 [INFO] mqtt.mqtt_client: Connected to MQTT broker broker.emqx.io:1883
2026-06-02 17:13:37,632 [INFO] plc: Starting PLC controller...
2026-06-02 17:13:37,634 [INFO] plc: Telemetry loop started
2026-06-02 17:13:37,634 [INFO] plc: PLC controller is running
2026-06-02 17:14:18,346 [WARNING] mqtt.mqtt_client: Unexpected MQTT disconnection (rc=7)
2026-06-02 17:16:58,243 [INFO] patterns.factory: Created TemperatureSensor for TEMPERATURE
2026-06-02 17:16:58,243 [INFO] patterns.factory: Created WaterLevelSensor for WATER_LEVEL
2026-06-02 17:16:58,244 [INFO] patterns.factory: Created EnergyMeter for ENERGY
2026-06-02 17:16:58,245 [INFO] devices.pump: Pump initialized: STOPPED
2026-06-02 17:16:58,245 [INFO] mqtt.mqtt_client: Connecting to broker.emqx.io:1883...
2026-06-02 17:16:58,881 [INFO] mqtt.mqtt_client: Connected to MQTT broker broker.emqx.io:1883
2026-06-02 17:16:58,900 [INFO] plc: Telemetry started
2026-06-02 17:16:58,900 [INFO] plc: PLC started
INFO:operator:Operator starting
INFO:mqtt.mqtt_client:Connecting to broker.emqx.io:1883...
INFO:mqtt.mqtt_client:Connected to MQTT broker broker.emqx.io:1883
2026-06-02 17:17:37,173 [WARNING] mqtt.mqtt_client: Unexpected MQTT disconnection (rc=7)
2026-06-02 17:17:38,749 [INFO] mqtt.mqtt_client: Connected to MQTT broker broker.emqx.io:1883
WARNING:mqtt.mqtt_client:Unexpected MQTT disconnection (rc=7)
INFO:mqtt.mqtt_client:Connected to MQTT broker broker.emqx.io:1883
2026-06-02 17:18:20,444 [WARNING] mqtt.mqtt_client: Unexpected MQTT disconnection (rc=7)
2026-06-02 17:18:22,050 [INFO] mqtt.mqtt_client: Connected to MQTT broker broker.emqx.io:1883
2026-06-02 17:18:58,246 [WARNING] mqtt.mqtt_client: Unexpected MQTT disconnection (rc=7)
2026-06-02 17:18:59,817 [INFO] mqtt.mqtt_client: Connected to MQTT broker broker.emqx.io:1883
INFO:operator:Operator starting
INFO:mqtt.mqtt_client:Connecting to broker.emqx.io:1883...
INFO:mqtt.mqtt_client:Connected to MQTT broker broker.emqx.io:1883
2026-06-02 17:20:42,072 [INFO] patterns.factory: Created TemperatureSensor for TEMPERATURE
2026-06-02 17:20:42,072 [INFO] patterns.factory: Created WaterLevelSensor for WATER_LEVEL
2026-06-02 17:20:42,073 [INFO] patterns.factory: Created EnergyMeter for ENERGY
2026-06-02 17:20:42,073 [INFO] devices.pump: Pump initialized: STOPPED
2026-06-02 17:20:42,074 [INFO] mqtt.mqtt_client: Connecting to broker.emqx.io:1883...
2026-06-02 17:20:42,471 [INFO] mqtt.mqtt_client: Connected to MQTT broker broker.emqx.io:1883
2026-06-02 17:20:42,561 [INFO] plc: Telemetry started
2026-06-02 17:20:42,562 [INFO] plc: PLC started
2026-06-02 17:21:07,311 [INFO] plc: SET LEVEL 100.0
2026-06-02 17:21:07,312 [INFO] devices.sensors: Water level 100.0%
2026-06-02 17:21:12,162 [INFO] plc: START operator
2026-06-02 17:21:12,163 [INFO] devices.pump: State STOPPED -> RUNNING
2026-06-02 17:21:12,166 [INFO] plc: Pump state STOPPED -> RUNNING
2026-06-02 17:22:12,650 [CRITICAL] devices.states: Overheat 81.0°C
2026-06-02 17:22:12,651 [INFO] devices.pump: State RUNNING -> ALARM
2026-06-02 17:22:12,652 [INFO] plc: Pump state RUNNING -> ALARM
2026-06-02 17:22:12,653 [CRITICAL] plc: Alarm published: AlarmData(code='OVERHEAT', temperature=81.0)
2026-06-02 17:22:12,654 [CRITICAL] devices.pump: OVERHEAT 81.0°C
2026-06-02 20:01:50,555 [INFO] patterns.factory: Created TemperatureSensor for TEMPERATURE
2026-06-02 20:01:50,556 [INFO] patterns.factory: Created WaterLevelSensor for WATER_LEVEL
2026-06-02 20:01:50,556 [INFO] patterns.factory: Created EnergyMeter for ENERGY
2026-06-02 20:01:50,557 [INFO] devices.pump: Pump initialized: STOPPED
2026-06-02 20:01:50,557 [INFO] mqtt.mqtt_client: Connecting to broker.emqx.io:1883...
2026-06-02 20:01:51,351 [INFO] mqtt.mqtt_client: Connected to MQTT broker broker.emqx.io:1883
2026-06-02 20:01:51,403 [INFO] plc: Telemetry started
2026-06-02 20:01:51,403 [INFO] plc: PLC started
2026-06-02 20:01:54,376 [INFO] plc: STOP operator
INFO:operator:Operator starting
INFO:mqtt.mqtt_client:Connecting to broker.emqx.io:1883...
INFO:mqtt.mqtt_client:Connected to MQTT broker broker.emqx.io:1883
2026-06-02 20:02:03,593 [INFO] plc: START operator
2026-06-02 20:02:03,594 [INFO] devices.pump: State STOPPED -> RUNNING
2026-06-02 20:02:03,594 [INFO] plc: Pump state STOPPED -> RUNNING
2026-06-02 20:02:15,542 [INFO] plc: SET LEVEL 5.0
2026-06-02 20:02:15,543 [INFO] devices.sensors: Water level 5.0%
2026-06-02 20:02:45,533 [INFO] plc: SET LEVEL 40.0
2026-06-02 20:02:45,534 [INFO] devices.sensors: Water level 40.0%
2026-06-02 20:03:04,473 [CRITICAL] devices.states: Overheat 81.0°C
2026-06-02 20:03:04,474 [INFO] devices.pump: State RUNNING -> ALARM
2026-06-02 20:03:04,475 [INFO] plc: Pump state RUNNING -> ALARM
2026-06-02 20:03:04,476 [CRITICAL] plc: Alarm published: AlarmData(code='OVERHEAT', temperature=81.0)
2026-06-02 20:03:04,477 [CRITICAL] devices.pump: OVERHEAT 81.0°C
2026-06-02 20:03:49,580 [INFO] plc: SET LEVEL 110.0
2026-06-02 20:03:49,581 [INFO] devices.sensors: Water level 100.0%
2026-06-02 20:04:29,627 [INFO] plc: SET LEVEL 0.0
2026-06-02 20:04:29,628 [INFO] devices.sensors: Water level 0.0%
2026-06-02 20:04:34,738 [INFO] plc: START operator
2026-06-02 20:04:34,739 [ERROR] devices.states: Cannot start while alarm active
2026-06-02 20:05:02,170 [INFO] plc: SET LEVEL 0.0
2026-06-02 20:05:02,171 [INFO] devices.sensors: Water level 0.0%
